[0;32m[INFO][0m Build configuration:
[0;32m[INFO][0m   Build Type: release
[0;32m[INFO][0m   Target Platform: all
[0;32m[INFO][0m   Parallel Jobs: 12
[0;32m[INFO][0m   Clean Build: false
[0;32m[INFO][0m   Dry Run: true
[0;32m[INFO][0m   Builds Directory: /Users/henryperzinski/Developer/HenFire/builds
[1;33m[WARN][0m DRY RUN MODE - No actual changes will be made
[0;32m[INFO][0m Checking prerequisites...
[0;32m[INFO][0m Prerequisites check passed!
[0;32m[INFO][0m Setting up build environment...
[0;36m[DEBUG][0m MOZ_OBJDIR: /Users/henryperzinski/Developer/HenFire/src/firefox/obj-hensurf
[0;36m[DEBUG][0m MOZCONFIG: /Users/henryperzinski/Developer/HenFire/src/firefox/mozconfig-hensurf
[0;32m[INFO][0m Applying HenSurf customizations...
[0;32m[INFO][0m Converting logo to various formats...
[0;36m[DEBUG][0m Would run: python3 convert-icons.py
[0;32m[INFO][0m Applying HenSurf patches...
[0;36m[DEBUG][0m Would run: bash apply-hensurf-patches.sh
[0;32m[INFO][0m Creating build configuration for all...
[0;36m[DEBUG][0m Would create mozconfig for all with release configuration
[0;32m[INFO][0m Bootstrapping Mozilla build system...
[0;32m[INFO][0m Running Mozilla bootstrap (this may take a while)...
[0;36m[DEBUG][0m Would run: ./mach bootstrap --no-interactive --application-choice browser
[0;32m[INFO][0m Building HenSurf for all platforms...
[0;32m[INFO][0m Building HenSurf for linux...
[0;32m[INFO][0m Creating build configuration for linux...
[0;36m[DEBUG][0m Would create mozconfig for linux with release configuration
[0;32m[INFO][0m Starting linux build process (this will take 30-60 minutes)...
[0;36m[DEBUG][0m Would run: ./mach build for linux
[0;32m[INFO][0m Building HenSurf for macos...
[0;32m[INFO][0m Creating build configuration for macos...
[0;36m[DEBUG][0m Would create mozconfig for macos with release configuration
[0;32m[INFO][0m Starting macos build process (this will take 30-60 minutes)...
[0;36m[DEBUG][0m Would run: ./mach build for macos
[0;32m[INFO][0m Building HenSurf for windows...
[0;32m[INFO][0m Creating build configuration for windows...
[0;36m[DEBUG][0m Would create mozconfig for windows with release configuration
[0;32m[INFO][0m Starting windows build process (this will take 30-60 minutes)...
[0;36m[DEBUG][0m Would run: ./mach build for windows
[0;32m[INFO][0m Successfully built for all platforms!
[0;32m[INFO][0m Build report saved to: /Users/henryperzinski/Developer/HenFire/builds/build_report_20250608_230549.txt
[0;32m[INFO][0m HenSurf release build completed successfully!
[0;32m[INFO][0m Build artifacts for all platforms are available in: /Users/henryperzinski/Developer/HenFire/builds
[0;32m[INFO][0m Directory structure:
[0;32m[INFO][0m   /Users/henryperzinski/Developer/HenFire/builds/linux/release/1.0.0-20250608/
[0;32m[INFO][0m   /Users/henryperzinski/Developer/HenFire/builds/macos/release/1.0.0-20250608/
[0;32m[INFO][0m   /Users/henryperzinski/Developer/HenFire/builds/windows/release/1.0.0-20250608/
[0;32m[INFO][0m   Latest builds also available in respective 'latest' directories
[0;32m[INFO][0m Build logs: /Users/henryperzinski/Developer/HenFire/logs
